c:\users\zino\desktop\crossword\crossword\x64\debug\vc143.pdb
c:\users\zino\desktop\crossword\crossword\x64\debug\vc143.idb
c:\users\zino\desktop\crossword\crossword\x64\debug\crossword.obj
c:\users\zino\desktop\crossword\crossword\x64\debug\crossword.ilk
c:\users\zino\desktop\crossword\crossword\x64\debug\crossword.obj.enc
c:\users\zino\desktop\crossword\x64\debug\crossword.pdb
c:\users\zino\desktop\crossword\crossword\x64\debug\crossword.tlog\cl.command.1.tlog
c:\users\zino\desktop\crossword\crossword\x64\debug\crossword.tlog\cl.items.tlog
c:\users\zino\desktop\crossword\crossword\x64\debug\crossword.tlog\cl.read.1.tlog
c:\users\zino\desktop\crossword\crossword\x64\debug\crossword.tlog\cl.write.1.tlog
c:\users\zino\desktop\crossword\crossword\x64\debug\crossword.tlog\link-cvtres.read.1.tlog
c:\users\zino\desktop\crossword\crossword\x64\debug\crossword.tlog\link-cvtres.write.1.tlog
c:\users\zino\desktop\crossword\crossword\x64\debug\crossword.tlog\link-rc.read.1.tlog
c:\users\zino\desktop\crossword\crossword\x64\debug\crossword.tlog\link-rc.write.1.tlog
c:\users\zino\desktop\crossword\crossword\x64\debug\crossword.tlog\link.6320-cvtres.read.1.tlog
c:\users\zino\desktop\crossword\crossword\x64\debug\crossword.tlog\link.6320-cvtres.write.1.tlog
c:\users\zino\desktop\crossword\crossword\x64\debug\crossword.tlog\link.6320-rc.read.1.tlog
c:\users\zino\desktop\crossword\crossword\x64\debug\crossword.tlog\link.6320-rc.write.1.tlog
c:\users\zino\desktop\crossword\crossword\x64\debug\crossword.tlog\link.6320.read.1.tlog
c:\users\zino\desktop\crossword\crossword\x64\debug\crossword.tlog\link.6320.read.2.tlog
c:\users\zino\desktop\crossword\crossword\x64\debug\crossword.tlog\link.6320.read.3.tlog
c:\users\zino\desktop\crossword\crossword\x64\debug\crossword.tlog\link.6320.read.4.tlog
c:\users\zino\desktop\crossword\crossword\x64\debug\crossword.tlog\link.6320.write.1.tlog
c:\users\zino\desktop\crossword\crossword\x64\debug\crossword.tlog\link.command.1.tlog
c:\users\zino\desktop\crossword\crossword\x64\debug\crossword.tlog\link.read.1.tlog
c:\users\zino\desktop\crossword\crossword\x64\debug\crossword.tlog\link.read.2.tlog
c:\users\zino\desktop\crossword\crossword\x64\debug\crossword.tlog\link.read.3.tlog
c:\users\zino\desktop\crossword\crossword\x64\debug\crossword.tlog\link.read.4.tlog
c:\users\zino\desktop\crossword\crossword\x64\debug\crossword.tlog\link.secondary.1.tlog
c:\users\zino\desktop\crossword\crossword\x64\debug\crossword.tlog\link.write.1.tlog
